f:\ja\semestr 5 projekt\ballsasm\ballsasm\x64\release\ballsasm.form1.resources
f:\ja\semestr 5 projekt\ballsasm\ballsasm\x64\release\vc142.pdb
f:\ja\semestr 5 projekt\ballsasm\ballsasm\x64\release\simulation.obj
f:\ja\semestr 5 projekt\ballsasm\ballsasm\x64\release\main.obj
f:\ja\semestr 5 projekt\ballsasm\ballsasm\x64\release\ballsasm.pch
f:\ja\semestr 5 projekt\ballsasm\ballsasm\x64\release\pch.obj
f:\ja\semestr 5 projekt\ballsasm\ballsasm\x64\release\form1.obj
f:\ja\semestr 5 projekt\ballsasm\ballsasm\x64\release\ball.obj
f:\ja\semestr 5 projekt\ballsasm\ballsasm\x64\release\assemblyinfo.obj
f:\ja\semestr 5 projekt\ballsasm\ballsasm\x64\release\.netframework,version=v4.7.2.assemblyattributes.obj
f:\ja\semestr 5 projekt\ballsasm\x64\release\ballsasm.exe
f:\ja\semestr 5 projekt\ballsasm\x64\release\ballsasm.pdb
f:\ja\semestr 5 projekt\ballsasm\ballsasm\x64\release\app.res
f:\ja\semestr 5 projekt\ballsasm\ballsasm\x64\release\ballsasm.tlog\ballsasm.write.1u.tlog
f:\ja\semestr 5 projekt\ballsasm\ballsasm\x64\release\ballsasm.tlog\cl.command.1.tlog
f:\ja\semestr 5 projekt\ballsasm\ballsasm\x64\release\ballsasm.tlog\cl.read.1.tlog
f:\ja\semestr 5 projekt\ballsasm\ballsasm\x64\release\ballsasm.tlog\cl.write.1.tlog
f:\ja\semestr 5 projekt\ballsasm\ballsasm\x64\release\ballsasm.tlog\link.command.1.tlog
f:\ja\semestr 5 projekt\ballsasm\ballsasm\x64\release\ballsasm.tlog\link.read.1.tlog
f:\ja\semestr 5 projekt\ballsasm\ballsasm\x64\release\ballsasm.tlog\link.write.1.tlog
f:\ja\semestr 5 projekt\ballsasm\ballsasm\x64\release\ballsasm.tlog\metagen.read.1.tlog
f:\ja\semestr 5 projekt\ballsasm\ballsasm\x64\release\ballsasm.tlog\metagen.write.1.tlog
f:\ja\semestr 5 projekt\ballsasm\ballsasm\x64\release\ballsasm.tlog\rc.command.1.tlog
f:\ja\semestr 5 projekt\ballsasm\ballsasm\x64\release\ballsasm.tlog\rc.read.1.tlog
f:\ja\semestr 5 projekt\ballsasm\ballsasm\x64\release\ballsasm.tlog\rc.write.1.tlog
