f:\ja\semestr 5 projekt\ballsasm\ballsasm\x64\debug\ballsasm.form1.resources
f:\ja\semestr 5 projekt\ballsasm\ballsasm\x64\debug\ballsasm.pch
f:\ja\semestr 5 projekt\ballsasm\ballsasm\x64\debug\vc142.pdb
f:\ja\semestr 5 projekt\ballsasm\ballsasm\x64\debug\pch.obj
f:\ja\semestr 5 projekt\ballsasm\ballsasm\x64\debug\simulation.obj
f:\ja\semestr 5 projekt\ballsasm\ballsasm\x64\debug\form1.obj
f:\ja\semestr 5 projekt\ballsasm\ballsasm\x64\debug\main.obj
f:\ja\semestr 5 projekt\ballsasm\ballsasm\x64\debug\ball.obj
f:\ja\semestr 5 projekt\ballsasm\ballsasm\x64\debug\assemblyinfo.obj
f:\ja\semestr 5 projekt\ballsasm\ballsasm\x64\debug\.netframework,version=v4.7.2.assemblyattributes.obj
f:\ja\semestr 5 projekt\ballsasm\x64\debug\ballsasm.exe
f:\ja\semestr 5 projekt\ballsasm\x64\debug\ballsasm.pdb
f:\ja\semestr 5 projekt\ballsasm\ballsasm\x64\debug\app.res
f:\ja\semestr 5 projekt\ballsasm\ballsasm\x64\debug\ballsasm.tlog\ballsasm.write.1u.tlog
f:\ja\semestr 5 projekt\ballsasm\ballsasm\x64\debug\ballsasm.tlog\cl.command.1.tlog
f:\ja\semestr 5 projekt\ballsasm\ballsasm\x64\debug\ballsasm.tlog\cl.read.1.tlog
f:\ja\semestr 5 projekt\ballsasm\ballsasm\x64\debug\ballsasm.tlog\cl.write.1.tlog
f:\ja\semestr 5 projekt\ballsasm\ballsasm\x64\debug\ballsasm.tlog\link.command.1.tlog
f:\ja\semestr 5 projekt\ballsasm\ballsasm\x64\debug\ballsasm.tlog\link.read.1.tlog
f:\ja\semestr 5 projekt\ballsasm\ballsasm\x64\debug\ballsasm.tlog\link.write.1.tlog
f:\ja\semestr 5 projekt\ballsasm\ballsasm\x64\debug\ballsasm.tlog\metagen.read.1.tlog
f:\ja\semestr 5 projekt\ballsasm\ballsasm\x64\debug\ballsasm.tlog\metagen.write.1.tlog
f:\ja\semestr 5 projekt\ballsasm\ballsasm\x64\debug\ballsasm.tlog\rc.command.1.tlog
f:\ja\semestr 5 projekt\ballsasm\ballsasm\x64\debug\ballsasm.tlog\rc.read.1.tlog
f:\ja\semestr 5 projekt\ballsasm\ballsasm\x64\debug\ballsasm.tlog\rc.write.1.tlog
